DEBUG - 2026-02-17 19:21:37 --> Session: Class initialized using 'CodeIgniter\Session\Handlers\FileHandler' driver.
DEBUG - 2026-02-17 19:23:41 --> Session: Class initialized using 'CodeIgniter\Session\Handlers\FileHandler' driver.
DEBUG - 2026-02-17 19:23:41 --> Session: Class initialized using 'CodeIgniter\Session\Handlers\FileHandler' driver.
DEBUG - 2026-02-17 19:24:34 --> Session: Class initialized using 'CodeIgniter\Session\Handlers\FileHandler' driver.
DEBUG - 2026-02-17 19:24:35 --> Session: Class initialized using 'CodeIgniter\Session\Handlers\FileHandler' driver.
DEBUG - 2026-02-17 19:25:13 --> Session: Class initialized using 'CodeIgniter\Session\Handlers\FileHandler' driver.
ERROR - 2026-02-17 19:25:20 --> Error connecting to the database: mysqli_sql_exception: Access denied for user 'c18root'@'2a02:2b88:2:1::4aba:1' (using password: YES) in /var/www/clients/client18/web38/web/Projekt/system/Database/MySQLi/Connection.php:201
Stack trace:
#0 /var/www/clients/client18/web38/web/Projekt/system/Database/MySQLi/Connection.php(201): mysqli->real_connect()
#1 /var/www/clients/client18/web38/web/Projekt/system/Database/BaseConnection.php(419): CodeIgniter\Database\MySQLi\Connection->connect()
#2 /var/www/clients/client18/web38/web/Projekt/system/Database/BaseConnection.php(654): CodeIgniter\Database\BaseConnection->initialize()
#3 /var/www/clients/client18/web38/web/Projekt/system/Database/BaseBuilder.php(1649): CodeIgniter\Database\BaseConnection->query()
#4 /var/www/clients/client18/web38/web/Projekt/system/Model.php(296): CodeIgniter\Database\BaseBuilder->get()
#5 /var/www/clients/client18/web38/web/Projekt/system/BaseModel.php(713): CodeIgniter\Model->doFirst()
#6 /var/www/clients/client18/web38/web/Projekt/app/Controllers/Projekt.php(70): CodeIgniter\BaseModel->first()
#7 /var/www/clients/client18/web38/web/Projekt/system/CodeIgniter.php(951): App\Controllers\Projekt->loginProcess()
#8 /var/www/clients/client18/web38/web/Projekt/system/CodeIgniter.php(497): CodeIgniter\CodeIgniter->runController()
#9 /var/www/clients/client18/web38/web/Projekt/system/CodeIgniter.php(340): CodeIgniter\CodeIgniter->handleRequest()
#10 /var/www/clients/client18/web38/web/Projekt/system/Boot.php(417): CodeIgniter\CodeIgniter->run()
#11 /var/www/clients/client18/web38/web/Projekt/system/Boot.php(68): CodeIgniter\Boot::runCodeIgniter()
#12 /var/www/clients/client18/web38/web/Projekt/index.php(59): CodeIgniter\Boot::bootWeb()
#13 {main}

Next CodeIgniter\Database\Exceptions\DatabaseException: Access denied for user '****'@'2a02:2b88:2:1::4aba:1' (using password: YES) in /var/www/clients/client18/web38/web/Projekt/system/Database/MySQLi/Connection.php:231
Stack trace:
#0 /var/www/clients/client18/web38/web/Projekt/system/Database/BaseConnection.php(419): CodeIgniter\Database\MySQLi\Connection->connect()
#1 /var/www/clients/client18/web38/web/Projekt/system/Database/BaseConnection.php(654): CodeIgniter\Database\BaseConnection->initialize()
#2 /var/www/clients/client18/web38/web/Projekt/system/Database/BaseBuilder.php(1649): CodeIgniter\Database\BaseConnection->query()
#3 /var/www/clients/client18/web38/web/Projekt/system/Model.php(296): CodeIgniter\Database\BaseBuilder->get()
#4 /var/www/clients/client18/web38/web/Projekt/system/BaseModel.php(713): CodeIgniter\Model->doFirst()
#5 /var/www/clients/client18/web38/web/Projekt/app/Controllers/Projekt.php(70): CodeIgniter\BaseModel->first()
#6 /var/www/clients/client18/web38/web/Projekt/system/CodeIgniter.php(951): App\Controllers\Projekt->loginProcess()
#7 /var/www/clients/client18/web38/web/Projekt/system/CodeIgniter.php(497): CodeIgniter\CodeIgniter->runController()
#8 /var/www/clients/client18/web38/web/Projekt/system/CodeIgniter.php(340): CodeIgniter\CodeIgniter->handleRequest()
#9 /var/www/clients/client18/web38/web/Projekt/system/Boot.php(417): CodeIgniter\CodeIgniter->run()
#10 /var/www/clients/client18/web38/web/Projekt/system/Boot.php(68): CodeIgniter\Boot::runCodeIgniter()
#11 /var/www/clients/client18/web38/web/Projekt/index.php(59): CodeIgniter\Boot::bootWeb()
#12 {main}
CRITICAL - 2026-02-17 19:25:20 --> CodeIgniter\Database\Exceptions\DatabaseException: Unable to connect to the database.
Main connection [MySQLi]: Access denied for user '****'@'2a02:2b88:2:1::4aba:1' (using password: YES)
[Method: POST, Route: login]
in SYSTEMPATH/Database/BaseConnection.php on line 465.
 1 SYSTEMPATH/Database/BaseConnection.php(654): CodeIgniter\Database\BaseConnection->initialize()
 2 SYSTEMPATH/Database/BaseBuilder.php(1649): CodeIgniter\Database\BaseConnection->query()
 3 SYSTEMPATH/Model.php(296): CodeIgniter\Database\BaseBuilder->get()
 4 SYSTEMPATH/BaseModel.php(713): CodeIgniter\Model->doFirst()
 5 APPPATH/Controllers/Projekt.php(70): CodeIgniter\BaseModel->first()
 6 SYSTEMPATH/CodeIgniter.php(951): App\Controllers\Projekt->loginProcess()
 7 SYSTEMPATH/CodeIgniter.php(497): CodeIgniter\CodeIgniter->runController()
 8 SYSTEMPATH/CodeIgniter.php(340): CodeIgniter\CodeIgniter->handleRequest()
 9 SYSTEMPATH/Boot.php(417): CodeIgniter\CodeIgniter->run()
10 SYSTEMPATH/Boot.php(68): CodeIgniter\Boot::runCodeIgniter()
11 FCPATH/index.php(59): CodeIgniter\Boot::bootWeb()
DEBUG - 2026-02-17 19:25:28 --> Session: Class initialized using 'CodeIgniter\Session\Handlers\FileHandler' driver.
DEBUG - 2026-02-17 19:25:31 --> Session: Class initialized using 'CodeIgniter\Session\Handlers\FileHandler' driver.
ERROR - 2026-02-17 19:25:40 --> Error connecting to the database: mysqli_sql_exception: Access denied for user 'c18root'@'2a02:2b88:2:1::4aba:1' (using password: YES) in /var/www/clients/client18/web38/web/Projekt/system/Database/MySQLi/Connection.php:201
Stack trace:
#0 /var/www/clients/client18/web38/web/Projekt/system/Database/MySQLi/Connection.php(201): mysqli->real_connect()
#1 /var/www/clients/client18/web38/web/Projekt/system/Database/BaseConnection.php(419): CodeIgniter\Database\MySQLi\Connection->connect()
#2 /var/www/clients/client18/web38/web/Projekt/system/Database/BaseConnection.php(654): CodeIgniter\Database\BaseConnection->initialize()
#3 /var/www/clients/client18/web38/web/Projekt/system/Database/BaseBuilder.php(1649): CodeIgniter\Database\BaseConnection->query()
#4 /var/www/clients/client18/web38/web/Projekt/system/Model.php(296): CodeIgniter\Database\BaseBuilder->get()
#5 /var/www/clients/client18/web38/web/Projekt/system/BaseModel.php(713): CodeIgniter\Model->doFirst()
#6 /var/www/clients/client18/web38/web/Projekt/app/Controllers/Projekt.php(70): CodeIgniter\BaseModel->first()
#7 /var/www/clients/client18/web38/web/Projekt/system/CodeIgniter.php(951): App\Controllers\Projekt->loginProcess()
#8 /var/www/clients/client18/web38/web/Projekt/system/CodeIgniter.php(497): CodeIgniter\CodeIgniter->runController()
#9 /var/www/clients/client18/web38/web/Projekt/system/CodeIgniter.php(340): CodeIgniter\CodeIgniter->handleRequest()
#10 /var/www/clients/client18/web38/web/Projekt/system/Boot.php(417): CodeIgniter\CodeIgniter->run()
#11 /var/www/clients/client18/web38/web/Projekt/system/Boot.php(68): CodeIgniter\Boot::runCodeIgniter()
#12 /var/www/clients/client18/web38/web/Projekt/index.php(59): CodeIgniter\Boot::bootWeb()
#13 {main}

Next CodeIgniter\Database\Exceptions\DatabaseException: Access denied for user '****'@'2a02:2b88:2:1::4aba:1' (using password: YES) in /var/www/clients/client18/web38/web/Projekt/system/Database/MySQLi/Connection.php:231
Stack trace:
#0 /var/www/clients/client18/web38/web/Projekt/system/Database/BaseConnection.php(419): CodeIgniter\Database\MySQLi\Connection->connect()
#1 /var/www/clients/client18/web38/web/Projekt/system/Database/BaseConnection.php(654): CodeIgniter\Database\BaseConnection->initialize()
#2 /var/www/clients/client18/web38/web/Projekt/system/Database/BaseBuilder.php(1649): CodeIgniter\Database\BaseConnection->query()
#3 /var/www/clients/client18/web38/web/Projekt/system/Model.php(296): CodeIgniter\Database\BaseBuilder->get()
#4 /var/www/clients/client18/web38/web/Projekt/system/BaseModel.php(713): CodeIgniter\Model->doFirst()
#5 /var/www/clients/client18/web38/web/Projekt/app/Controllers/Projekt.php(70): CodeIgniter\BaseModel->first()
#6 /var/www/clients/client18/web38/web/Projekt/system/CodeIgniter.php(951): App\Controllers\Projekt->loginProcess()
#7 /var/www/clients/client18/web38/web/Projekt/system/CodeIgniter.php(497): CodeIgniter\CodeIgniter->runController()
#8 /var/www/clients/client18/web38/web/Projekt/system/CodeIgniter.php(340): CodeIgniter\CodeIgniter->handleRequest()
#9 /var/www/clients/client18/web38/web/Projekt/system/Boot.php(417): CodeIgniter\CodeIgniter->run()
#10 /var/www/clients/client18/web38/web/Projekt/system/Boot.php(68): CodeIgniter\Boot::runCodeIgniter()
#11 /var/www/clients/client18/web38/web/Projekt/index.php(59): CodeIgniter\Boot::bootWeb()
#12 {main}
CRITICAL - 2026-02-17 19:25:40 --> CodeIgniter\Database\Exceptions\DatabaseException: Unable to connect to the database.
Main connection [MySQLi]: Access denied for user '****'@'2a02:2b88:2:1::4aba:1' (using password: YES)
[Method: POST, Route: login]
in SYSTEMPATH/Database/BaseConnection.php on line 465.
 1 SYSTEMPATH/Database/BaseConnection.php(654): CodeIgniter\Database\BaseConnection->initialize()
 2 SYSTEMPATH/Database/BaseBuilder.php(1649): CodeIgniter\Database\BaseConnection->query()
 3 SYSTEMPATH/Model.php(296): CodeIgniter\Database\BaseBuilder->get()
 4 SYSTEMPATH/BaseModel.php(713): CodeIgniter\Model->doFirst()
 5 APPPATH/Controllers/Projekt.php(70): CodeIgniter\BaseModel->first()
 6 SYSTEMPATH/CodeIgniter.php(951): App\Controllers\Projekt->loginProcess()
 7 SYSTEMPATH/CodeIgniter.php(497): CodeIgniter\CodeIgniter->runController()
 8 SYSTEMPATH/CodeIgniter.php(340): CodeIgniter\CodeIgniter->handleRequest()
 9 SYSTEMPATH/Boot.php(417): CodeIgniter\CodeIgniter->run()
10 SYSTEMPATH/Boot.php(68): CodeIgniter\Boot::runCodeIgniter()
11 FCPATH/index.php(59): CodeIgniter\Boot::bootWeb()
DEBUG - 2026-02-17 19:28:49 --> Session: Class initialized using 'CodeIgniter\Session\Handlers\FileHandler' driver.
DEBUG - 2026-02-17 19:28:54 --> Session: Class initialized using 'CodeIgniter\Session\Handlers\FileHandler' driver.
DEBUG - 2026-02-17 19:29:03 --> Session: Class initialized using 'CodeIgniter\Session\Handlers\FileHandler' driver.
DEBUG - 2026-02-17 19:29:11 --> Session: Class initialized using 'CodeIgniter\Session\Handlers\FileHandler' driver.
DEBUG - 2026-02-17 19:30:15 --> Session: Class initialized using 'CodeIgniter\Session\Handlers\FileHandler' driver.
DEBUG - 2026-02-17 19:30:15 --> Session: Class initialized using 'CodeIgniter\Session\Handlers\FileHandler' driver.
ERROR - 2026-02-17 19:30:23 --> Error connecting to the database: mysqli_sql_exception: Access denied for user 'c18root'@'2a02:2b88:2:1::4aba:1' (using password: YES) in /var/www/clients/client18/web38/web/Projekt/system/Database/MySQLi/Connection.php:201
Stack trace:
#0 /var/www/clients/client18/web38/web/Projekt/system/Database/MySQLi/Connection.php(201): mysqli->real_connect()
#1 /var/www/clients/client18/web38/web/Projekt/system/Database/BaseConnection.php(419): CodeIgniter\Database\MySQLi\Connection->connect()
#2 /var/www/clients/client18/web38/web/Projekt/system/Database/BaseConnection.php(654): CodeIgniter\Database\BaseConnection->initialize()
#3 /var/www/clients/client18/web38/web/Projekt/system/Database/BaseBuilder.php(1649): CodeIgniter\Database\BaseConnection->query()
#4 /var/www/clients/client18/web38/web/Projekt/system/Model.php(296): CodeIgniter\Database\BaseBuilder->get()
#5 /var/www/clients/client18/web38/web/Projekt/system/BaseModel.php(713): CodeIgniter\Model->doFirst()
#6 /var/www/clients/client18/web38/web/Projekt/app/Controllers/Projekt.php(70): CodeIgniter\BaseModel->first()
#7 /var/www/clients/client18/web38/web/Projekt/system/CodeIgniter.php(951): App\Controllers\Projekt->loginProcess()
#8 /var/www/clients/client18/web38/web/Projekt/system/CodeIgniter.php(497): CodeIgniter\CodeIgniter->runController()
#9 /var/www/clients/client18/web38/web/Projekt/system/CodeIgniter.php(340): CodeIgniter\CodeIgniter->handleRequest()
#10 /var/www/clients/client18/web38/web/Projekt/system/Boot.php(417): CodeIgniter\CodeIgniter->run()
#11 /var/www/clients/client18/web38/web/Projekt/system/Boot.php(68): CodeIgniter\Boot::runCodeIgniter()
#12 /var/www/clients/client18/web38/web/Projekt/index.php(59): CodeIgniter\Boot::bootWeb()
#13 {main}

Next CodeIgniter\Database\Exceptions\DatabaseException: Access denied for user '****'@'2a02:2b88:2:1::4aba:1' (using password: YES) in /var/www/clients/client18/web38/web/Projekt/system/Database/MySQLi/Connection.php:231
Stack trace:
#0 /var/www/clients/client18/web38/web/Projekt/system/Database/BaseConnection.php(419): CodeIgniter\Database\MySQLi\Connection->connect()
#1 /var/www/clients/client18/web38/web/Projekt/system/Database/BaseConnection.php(654): CodeIgniter\Database\BaseConnection->initialize()
#2 /var/www/clients/client18/web38/web/Projekt/system/Database/BaseBuilder.php(1649): CodeIgniter\Database\BaseConnection->query()
#3 /var/www/clients/client18/web38/web/Projekt/system/Model.php(296): CodeIgniter\Database\BaseBuilder->get()
#4 /var/www/clients/client18/web38/web/Projekt/system/BaseModel.php(713): CodeIgniter\Model->doFirst()
#5 /var/www/clients/client18/web38/web/Projekt/app/Controllers/Projekt.php(70): CodeIgniter\BaseModel->first()
#6 /var/www/clients/client18/web38/web/Projekt/system/CodeIgniter.php(951): App\Controllers\Projekt->loginProcess()
#7 /var/www/clients/client18/web38/web/Projekt/system/CodeIgniter.php(497): CodeIgniter\CodeIgniter->runController()
#8 /var/www/clients/client18/web38/web/Projekt/system/CodeIgniter.php(340): CodeIgniter\CodeIgniter->handleRequest()
#9 /var/www/clients/client18/web38/web/Projekt/system/Boot.php(417): CodeIgniter\CodeIgniter->run()
#10 /var/www/clients/client18/web38/web/Projekt/system/Boot.php(68): CodeIgniter\Boot::runCodeIgniter()
#11 /var/www/clients/client18/web38/web/Projekt/index.php(59): CodeIgniter\Boot::bootWeb()
#12 {main}
CRITICAL - 2026-02-17 19:30:23 --> CodeIgniter\Database\Exceptions\DatabaseException: Unable to connect to the database.
Main connection [MySQLi]: Access denied for user '****'@'2a02:2b88:2:1::4aba:1' (using password: YES)
[Method: POST, Route: login]
in SYSTEMPATH/Database/BaseConnection.php on line 465.
 1 SYSTEMPATH/Database/BaseConnection.php(654): CodeIgniter\Database\BaseConnection->initialize()
 2 SYSTEMPATH/Database/BaseBuilder.php(1649): CodeIgniter\Database\BaseConnection->query()
 3 SYSTEMPATH/Model.php(296): CodeIgniter\Database\BaseBuilder->get()
 4 SYSTEMPATH/BaseModel.php(713): CodeIgniter\Model->doFirst()
 5 APPPATH/Controllers/Projekt.php(70): CodeIgniter\BaseModel->first()
 6 SYSTEMPATH/CodeIgniter.php(951): App\Controllers\Projekt->loginProcess()
 7 SYSTEMPATH/CodeIgniter.php(497): CodeIgniter\CodeIgniter->runController()
 8 SYSTEMPATH/CodeIgniter.php(340): CodeIgniter\CodeIgniter->handleRequest()
 9 SYSTEMPATH/Boot.php(417): CodeIgniter\CodeIgniter->run()
10 SYSTEMPATH/Boot.php(68): CodeIgniter\Boot::runCodeIgniter()
11 FCPATH/index.php(59): CodeIgniter\Boot::bootWeb()
DEBUG - 2026-02-17 19:31:17 --> Session: Class initialized using 'CodeIgniter\Session\Handlers\FileHandler' driver.
DEBUG - 2026-02-17 19:31:45 --> Session: Class initialized using 'CodeIgniter\Session\Handlers\FileHandler' driver.
ERROR - 2026-02-17 19:31:47 --> Error connecting to the database: mysqli_sql_exception: Access denied for user 'c18root'@'2a02:2b88:2:1::4aba:1' (using password: YES) in /var/www/clients/client18/web38/web/Projekt/system/Database/MySQLi/Connection.php:201
Stack trace:
#0 /var/www/clients/client18/web38/web/Projekt/system/Database/MySQLi/Connection.php(201): mysqli->real_connect()
#1 /var/www/clients/client18/web38/web/Projekt/system/Database/BaseConnection.php(419): CodeIgniter\Database\MySQLi\Connection->connect()
#2 /var/www/clients/client18/web38/web/Projekt/system/Database/BaseConnection.php(654): CodeIgniter\Database\BaseConnection->initialize()
#3 /var/www/clients/client18/web38/web/Projekt/system/Database/BaseBuilder.php(1649): CodeIgniter\Database\BaseConnection->query()
#4 /var/www/clients/client18/web38/web/Projekt/system/Model.php(296): CodeIgniter\Database\BaseBuilder->get()
#5 /var/www/clients/client18/web38/web/Projekt/system/BaseModel.php(713): CodeIgniter\Model->doFirst()
#6 /var/www/clients/client18/web38/web/Projekt/app/Controllers/Projekt.php(70): CodeIgniter\BaseModel->first()
#7 /var/www/clients/client18/web38/web/Projekt/system/CodeIgniter.php(951): App\Controllers\Projekt->loginProcess()
#8 /var/www/clients/client18/web38/web/Projekt/system/CodeIgniter.php(497): CodeIgniter\CodeIgniter->runController()
#9 /var/www/clients/client18/web38/web/Projekt/system/CodeIgniter.php(340): CodeIgniter\CodeIgniter->handleRequest()
#10 /var/www/clients/client18/web38/web/Projekt/system/Boot.php(417): CodeIgniter\CodeIgniter->run()
#11 /var/www/clients/client18/web38/web/Projekt/system/Boot.php(68): CodeIgniter\Boot::runCodeIgniter()
#12 /var/www/clients/client18/web38/web/Projekt/index.php(59): CodeIgniter\Boot::bootWeb()
#13 {main}

Next CodeIgniter\Database\Exceptions\DatabaseException: Access denied for user '****'@'2a02:2b88:2:1::4aba:1' (using password: YES) in /var/www/clients/client18/web38/web/Projekt/system/Database/MySQLi/Connection.php:231
Stack trace:
#0 /var/www/clients/client18/web38/web/Projekt/system/Database/BaseConnection.php(419): CodeIgniter\Database\MySQLi\Connection->connect()
#1 /var/www/clients/client18/web38/web/Projekt/system/Database/BaseConnection.php(654): CodeIgniter\Database\BaseConnection->initialize()
#2 /var/www/clients/client18/web38/web/Projekt/system/Database/BaseBuilder.php(1649): CodeIgniter\Database\BaseConnection->query()
#3 /var/www/clients/client18/web38/web/Projekt/system/Model.php(296): CodeIgniter\Database\BaseBuilder->get()
#4 /var/www/clients/client18/web38/web/Projekt/system/BaseModel.php(713): CodeIgniter\Model->doFirst()
#5 /var/www/clients/client18/web38/web/Projekt/app/Controllers/Projekt.php(70): CodeIgniter\BaseModel->first()
#6 /var/www/clients/client18/web38/web/Projekt/system/CodeIgniter.php(951): App\Controllers\Projekt->loginProcess()
#7 /var/www/clients/client18/web38/web/Projekt/system/CodeIgniter.php(497): CodeIgniter\CodeIgniter->runController()
#8 /var/www/clients/client18/web38/web/Projekt/system/CodeIgniter.php(340): CodeIgniter\CodeIgniter->handleRequest()
#9 /var/www/clients/client18/web38/web/Projekt/system/Boot.php(417): CodeIgniter\CodeIgniter->run()
#10 /var/www/clients/client18/web38/web/Projekt/system/Boot.php(68): CodeIgniter\Boot::runCodeIgniter()
#11 /var/www/clients/client18/web38/web/Projekt/index.php(59): CodeIgniter\Boot::bootWeb()
#12 {main}
CRITICAL - 2026-02-17 19:31:47 --> CodeIgniter\Database\Exceptions\DatabaseException: Unable to connect to the database.
Main connection [MySQLi]: Access denied for user '****'@'2a02:2b88:2:1::4aba:1' (using password: YES)
[Method: POST, Route: login]
in SYSTEMPATH/Database/BaseConnection.php on line 465.
 1 SYSTEMPATH/Database/BaseConnection.php(654): CodeIgniter\Database\BaseConnection->initialize()
 2 SYSTEMPATH/Database/BaseBuilder.php(1649): CodeIgniter\Database\BaseConnection->query()
 3 SYSTEMPATH/Model.php(296): CodeIgniter\Database\BaseBuilder->get()
 4 SYSTEMPATH/BaseModel.php(713): CodeIgniter\Model->doFirst()
 5 APPPATH/Controllers/Projekt.php(70): CodeIgniter\BaseModel->first()
 6 SYSTEMPATH/CodeIgniter.php(951): App\Controllers\Projekt->loginProcess()
 7 SYSTEMPATH/CodeIgniter.php(497): CodeIgniter\CodeIgniter->runController()
 8 SYSTEMPATH/CodeIgniter.php(340): CodeIgniter\CodeIgniter->handleRequest()
 9 SYSTEMPATH/Boot.php(417): CodeIgniter\CodeIgniter->run()
10 SYSTEMPATH/Boot.php(68): CodeIgniter\Boot::runCodeIgniter()
11 FCPATH/index.php(59): CodeIgniter\Boot::bootWeb()
DEBUG - 2026-02-17 19:34:10 --> Session: Class initialized using 'CodeIgniter\Session\Handlers\FileHandler' driver.
ERROR - 2026-02-17 19:34:15 --> Error connecting to the database: mysqli_sql_exception: Access denied for user 'c18root'@'2a02:2b88:2:1::4aba:1' (using password: YES) in /var/www/clients/client18/web38/web/Projekt/system/Database/MySQLi/Connection.php:201
Stack trace:
#0 /var/www/clients/client18/web38/web/Projekt/system/Database/MySQLi/Connection.php(201): mysqli->real_connect()
#1 /var/www/clients/client18/web38/web/Projekt/system/Database/BaseConnection.php(419): CodeIgniter\Database\MySQLi\Connection->connect()
#2 /var/www/clients/client18/web38/web/Projekt/system/Database/BaseConnection.php(654): CodeIgniter\Database\BaseConnection->initialize()
#3 /var/www/clients/client18/web38/web/Projekt/system/Database/BaseBuilder.php(1649): CodeIgniter\Database\BaseConnection->query()
#4 /var/www/clients/client18/web38/web/Projekt/system/Model.php(296): CodeIgniter\Database\BaseBuilder->get()
#5 /var/www/clients/client18/web38/web/Projekt/system/BaseModel.php(713): CodeIgniter\Model->doFirst()
#6 /var/www/clients/client18/web38/web/Projekt/app/Controllers/Projekt.php(70): CodeIgniter\BaseModel->first()
#7 /var/www/clients/client18/web38/web/Projekt/system/CodeIgniter.php(951): App\Controllers\Projekt->loginProcess()
#8 /var/www/clients/client18/web38/web/Projekt/system/CodeIgniter.php(497): CodeIgniter\CodeIgniter->runController()
#9 /var/www/clients/client18/web38/web/Projekt/system/CodeIgniter.php(340): CodeIgniter\CodeIgniter->handleRequest()
#10 /var/www/clients/client18/web38/web/Projekt/system/Boot.php(417): CodeIgniter\CodeIgniter->run()
#11 /var/www/clients/client18/web38/web/Projekt/system/Boot.php(68): CodeIgniter\Boot::runCodeIgniter()
#12 /var/www/clients/client18/web38/web/Projekt/index.php(59): CodeIgniter\Boot::bootWeb()
#13 {main}

Next CodeIgniter\Database\Exceptions\DatabaseException: Access denied for user '****'@'2a02:2b88:2:1::4aba:1' (using password: YES) in /var/www/clients/client18/web38/web/Projekt/system/Database/MySQLi/Connection.php:231
Stack trace:
#0 /var/www/clients/client18/web38/web/Projekt/system/Database/BaseConnection.php(419): CodeIgniter\Database\MySQLi\Connection->connect()
#1 /var/www/clients/client18/web38/web/Projekt/system/Database/BaseConnection.php(654): CodeIgniter\Database\BaseConnection->initialize()
#2 /var/www/clients/client18/web38/web/Projekt/system/Database/BaseBuilder.php(1649): CodeIgniter\Database\BaseConnection->query()
#3 /var/www/clients/client18/web38/web/Projekt/system/Model.php(296): CodeIgniter\Database\BaseBuilder->get()
#4 /var/www/clients/client18/web38/web/Projekt/system/BaseModel.php(713): CodeIgniter\Model->doFirst()
#5 /var/www/clients/client18/web38/web/Projekt/app/Controllers/Projekt.php(70): CodeIgniter\BaseModel->first()
#6 /var/www/clients/client18/web38/web/Projekt/system/CodeIgniter.php(951): App\Controllers\Projekt->loginProcess()
#7 /var/www/clients/client18/web38/web/Projekt/system/CodeIgniter.php(497): CodeIgniter\CodeIgniter->runController()
#8 /var/www/clients/client18/web38/web/Projekt/system/CodeIgniter.php(340): CodeIgniter\CodeIgniter->handleRequest()
#9 /var/www/clients/client18/web38/web/Projekt/system/Boot.php(417): CodeIgniter\CodeIgniter->run()
#10 /var/www/clients/client18/web38/web/Projekt/system/Boot.php(68): CodeIgniter\Boot::runCodeIgniter()
#11 /var/www/clients/client18/web38/web/Projekt/index.php(59): CodeIgniter\Boot::bootWeb()
#12 {main}
CRITICAL - 2026-02-17 19:34:15 --> CodeIgniter\Database\Exceptions\DatabaseException: Unable to connect to the database.
Main connection [MySQLi]: Access denied for user '****'@'2a02:2b88:2:1::4aba:1' (using password: YES)
[Method: POST, Route: login]
in SYSTEMPATH/Database/BaseConnection.php on line 465.
 1 SYSTEMPATH/Database/BaseConnection.php(654): CodeIgniter\Database\BaseConnection->initialize()
 2 SYSTEMPATH/Database/BaseBuilder.php(1649): CodeIgniter\Database\BaseConnection->query()
 3 SYSTEMPATH/Model.php(296): CodeIgniter\Database\BaseBuilder->get()
 4 SYSTEMPATH/BaseModel.php(713): CodeIgniter\Model->doFirst()
 5 APPPATH/Controllers/Projekt.php(70): CodeIgniter\BaseModel->first()
 6 SYSTEMPATH/CodeIgniter.php(951): App\Controllers\Projekt->loginProcess()
 7 SYSTEMPATH/CodeIgniter.php(497): CodeIgniter\CodeIgniter->runController()
 8 SYSTEMPATH/CodeIgniter.php(340): CodeIgniter\CodeIgniter->handleRequest()
 9 SYSTEMPATH/Boot.php(417): CodeIgniter\CodeIgniter->run()
10 SYSTEMPATH/Boot.php(68): CodeIgniter\Boot::runCodeIgniter()
11 FCPATH/index.php(59): CodeIgniter\Boot::bootWeb()
DEBUG - 2026-02-17 19:34:19 --> Session: Class initialized using 'CodeIgniter\Session\Handlers\FileHandler' driver.
DEBUG - 2026-02-17 19:36:09 --> Session: Class initialized using 'CodeIgniter\Session\Handlers\FileHandler' driver.
DEBUG - 2026-02-17 19:36:09 --> Session: Class initialized using 'CodeIgniter\Session\Handlers\FileHandler' driver.
DEBUG - 2026-02-17 19:36:11 --> Session: Class initialized using 'CodeIgniter\Session\Handlers\FileHandler' driver.
ERROR - 2026-02-17 19:36:17 --> Error connecting to the database: mysqli_sql_exception: Access denied for user 'c18root'@'2a02:2b88:2:1::4aba:1' (using password: YES) in /var/www/clients/client18/web38/web/Projekt/system/Database/MySQLi/Connection.php:201
Stack trace:
#0 /var/www/clients/client18/web38/web/Projekt/system/Database/MySQLi/Connection.php(201): mysqli->real_connect()
#1 /var/www/clients/client18/web38/web/Projekt/system/Database/BaseConnection.php(419): CodeIgniter\Database\MySQLi\Connection->connect()
#2 /var/www/clients/client18/web38/web/Projekt/system/Database/BaseConnection.php(654): CodeIgniter\Database\BaseConnection->initialize()
#3 /var/www/clients/client18/web38/web/Projekt/system/Database/BaseBuilder.php(1649): CodeIgniter\Database\BaseConnection->query()
#4 /var/www/clients/client18/web38/web/Projekt/system/Model.php(296): CodeIgniter\Database\BaseBuilder->get()
#5 /var/www/clients/client18/web38/web/Projekt/system/BaseModel.php(713): CodeIgniter\Model->doFirst()
#6 /var/www/clients/client18/web38/web/Projekt/app/Controllers/Projekt.php(70): CodeIgniter\BaseModel->first()
#7 /var/www/clients/client18/web38/web/Projekt/system/CodeIgniter.php(951): App\Controllers\Projekt->loginProcess()
#8 /var/www/clients/client18/web38/web/Projekt/system/CodeIgniter.php(497): CodeIgniter\CodeIgniter->runController()
#9 /var/www/clients/client18/web38/web/Projekt/system/CodeIgniter.php(340): CodeIgniter\CodeIgniter->handleRequest()
#10 /var/www/clients/client18/web38/web/Projekt/system/Boot.php(417): CodeIgniter\CodeIgniter->run()
#11 /var/www/clients/client18/web38/web/Projekt/system/Boot.php(68): CodeIgniter\Boot::runCodeIgniter()
#12 /var/www/clients/client18/web38/web/Projekt/index.php(59): CodeIgniter\Boot::bootWeb()
#13 {main}

Next CodeIgniter\Database\Exceptions\DatabaseException: Access denied for user '****'@'2a02:2b88:2:1::4aba:1' (using password: YES) in /var/www/clients/client18/web38/web/Projekt/system/Database/MySQLi/Connection.php:231
Stack trace:
#0 /var/www/clients/client18/web38/web/Projekt/system/Database/BaseConnection.php(419): CodeIgniter\Database\MySQLi\Connection->connect()
#1 /var/www/clients/client18/web38/web/Projekt/system/Database/BaseConnection.php(654): CodeIgniter\Database\BaseConnection->initialize()
#2 /var/www/clients/client18/web38/web/Projekt/system/Database/BaseBuilder.php(1649): CodeIgniter\Database\BaseConnection->query()
#3 /var/www/clients/client18/web38/web/Projekt/system/Model.php(296): CodeIgniter\Database\BaseBuilder->get()
#4 /var/www/clients/client18/web38/web/Projekt/system/BaseModel.php(713): CodeIgniter\Model->doFirst()
#5 /var/www/clients/client18/web38/web/Projekt/app/Controllers/Projekt.php(70): CodeIgniter\BaseModel->first()
#6 /var/www/clients/client18/web38/web/Projekt/system/CodeIgniter.php(951): App\Controllers\Projekt->loginProcess()
#7 /var/www/clients/client18/web38/web/Projekt/system/CodeIgniter.php(497): CodeIgniter\CodeIgniter->runController()
#8 /var/www/clients/client18/web38/web/Projekt/system/CodeIgniter.php(340): CodeIgniter\CodeIgniter->handleRequest()
#9 /var/www/clients/client18/web38/web/Projekt/system/Boot.php(417): CodeIgniter\CodeIgniter->run()
#10 /var/www/clients/client18/web38/web/Projekt/system/Boot.php(68): CodeIgniter\Boot::runCodeIgniter()
#11 /var/www/clients/client18/web38/web/Projekt/index.php(59): CodeIgniter\Boot::bootWeb()
#12 {main}
CRITICAL - 2026-02-17 19:36:17 --> CodeIgniter\Database\Exceptions\DatabaseException: Unable to connect to the database.
Main connection [MySQLi]: Access denied for user '****'@'2a02:2b88:2:1::4aba:1' (using password: YES)
[Method: POST, Route: login]
in SYSTEMPATH/Database/BaseConnection.php on line 465.
 1 SYSTEMPATH/Database/BaseConnection.php(654): CodeIgniter\Database\BaseConnection->initialize()
 2 SYSTEMPATH/Database/BaseBuilder.php(1649): CodeIgniter\Database\BaseConnection->query()
 3 SYSTEMPATH/Model.php(296): CodeIgniter\Database\BaseBuilder->get()
 4 SYSTEMPATH/BaseModel.php(713): CodeIgniter\Model->doFirst()
 5 APPPATH/Controllers/Projekt.php(70): CodeIgniter\BaseModel->first()
 6 SYSTEMPATH/CodeIgniter.php(951): App\Controllers\Projekt->loginProcess()
 7 SYSTEMPATH/CodeIgniter.php(497): CodeIgniter\CodeIgniter->runController()
 8 SYSTEMPATH/CodeIgniter.php(340): CodeIgniter\CodeIgniter->handleRequest()
 9 SYSTEMPATH/Boot.php(417): CodeIgniter\CodeIgniter->run()
10 SYSTEMPATH/Boot.php(68): CodeIgniter\Boot::runCodeIgniter()
11 FCPATH/index.php(59): CodeIgniter\Boot::bootWeb()
DEBUG - 2026-02-17 19:36:20 --> Session: Class initialized using 'CodeIgniter\Session\Handlers\FileHandler' driver.
DEBUG - 2026-02-17 19:42:48 --> Session: Class initialized using 'CodeIgniter\Session\Handlers\FileHandler' driver.
ERROR - 2026-02-17 19:42:54 --> Error connecting to the database: mysqli_sql_exception: Access denied for user 'c18root'@'2a02:2b88:2:1::4aba:1' (using password: YES) in /var/www/clients/client18/web38/web/Projekt/system/Database/MySQLi/Connection.php:201
Stack trace:
#0 /var/www/clients/client18/web38/web/Projekt/system/Database/MySQLi/Connection.php(201): mysqli->real_connect()
#1 /var/www/clients/client18/web38/web/Projekt/system/Database/BaseConnection.php(419): CodeIgniter\Database\MySQLi\Connection->connect()
#2 /var/www/clients/client18/web38/web/Projekt/system/Database/BaseConnection.php(654): CodeIgniter\Database\BaseConnection->initialize()
#3 /var/www/clients/client18/web38/web/Projekt/system/Database/BaseBuilder.php(1649): CodeIgniter\Database\BaseConnection->query()
#4 /var/www/clients/client18/web38/web/Projekt/system/Model.php(296): CodeIgniter\Database\BaseBuilder->get()
#5 /var/www/clients/client18/web38/web/Projekt/system/BaseModel.php(713): CodeIgniter\Model->doFirst()
#6 /var/www/clients/client18/web38/web/Projekt/app/Controllers/Projekt.php(70): CodeIgniter\BaseModel->first()
#7 /var/www/clients/client18/web38/web/Projekt/system/CodeIgniter.php(951): App\Controllers\Projekt->loginProcess()
#8 /var/www/clients/client18/web38/web/Projekt/system/CodeIgniter.php(497): CodeIgniter\CodeIgniter->runController()
#9 /var/www/clients/client18/web38/web/Projekt/system/CodeIgniter.php(340): CodeIgniter\CodeIgniter->handleRequest()
#10 /var/www/clients/client18/web38/web/Projekt/system/Boot.php(417): CodeIgniter\CodeIgniter->run()
#11 /var/www/clients/client18/web38/web/Projekt/system/Boot.php(68): CodeIgniter\Boot::runCodeIgniter()
#12 /var/www/clients/client18/web38/web/Projekt/index.php(59): CodeIgniter\Boot::bootWeb()
#13 {main}

Next CodeIgniter\Database\Exceptions\DatabaseException: Access denied for user '****'@'2a02:2b88:2:1::4aba:1' (using password: YES) in /var/www/clients/client18/web38/web/Projekt/system/Database/MySQLi/Connection.php:231
Stack trace:
#0 /var/www/clients/client18/web38/web/Projekt/system/Database/BaseConnection.php(419): CodeIgniter\Database\MySQLi\Connection->connect()
#1 /var/www/clients/client18/web38/web/Projekt/system/Database/BaseConnection.php(654): CodeIgniter\Database\BaseConnection->initialize()
#2 /var/www/clients/client18/web38/web/Projekt/system/Database/BaseBuilder.php(1649): CodeIgniter\Database\BaseConnection->query()
#3 /var/www/clients/client18/web38/web/Projekt/system/Model.php(296): CodeIgniter\Database\BaseBuilder->get()
#4 /var/www/clients/client18/web38/web/Projekt/system/BaseModel.php(713): CodeIgniter\Model->doFirst()
#5 /var/www/clients/client18/web38/web/Projekt/app/Controllers/Projekt.php(70): CodeIgniter\BaseModel->first()
#6 /var/www/clients/client18/web38/web/Projekt/system/CodeIgniter.php(951): App\Controllers\Projekt->loginProcess()
#7 /var/www/clients/client18/web38/web/Projekt/system/CodeIgniter.php(497): CodeIgniter\CodeIgniter->runController()
#8 /var/www/clients/client18/web38/web/Projekt/system/CodeIgniter.php(340): CodeIgniter\CodeIgniter->handleRequest()
#9 /var/www/clients/client18/web38/web/Projekt/system/Boot.php(417): CodeIgniter\CodeIgniter->run()
#10 /var/www/clients/client18/web38/web/Projekt/system/Boot.php(68): CodeIgniter\Boot::runCodeIgniter()
#11 /var/www/clients/client18/web38/web/Projekt/index.php(59): CodeIgniter\Boot::bootWeb()
#12 {main}
CRITICAL - 2026-02-17 19:42:54 --> CodeIgniter\Database\Exceptions\DatabaseException: Unable to connect to the database.
Main connection [MySQLi]: Access denied for user '****'@'2a02:2b88:2:1::4aba:1' (using password: YES)
[Method: POST, Route: login]
in SYSTEMPATH/Database/BaseConnection.php on line 465.
 1 SYSTEMPATH/Database/BaseConnection.php(654): CodeIgniter\Database\BaseConnection->initialize()
 2 SYSTEMPATH/Database/BaseBuilder.php(1649): CodeIgniter\Database\BaseConnection->query()
 3 SYSTEMPATH/Model.php(296): CodeIgniter\Database\BaseBuilder->get()
 4 SYSTEMPATH/BaseModel.php(713): CodeIgniter\Model->doFirst()
 5 APPPATH/Controllers/Projekt.php(70): CodeIgniter\BaseModel->first()
 6 SYSTEMPATH/CodeIgniter.php(951): App\Controllers\Projekt->loginProcess()
 7 SYSTEMPATH/CodeIgniter.php(497): CodeIgniter\CodeIgniter->runController()
 8 SYSTEMPATH/CodeIgniter.php(340): CodeIgniter\CodeIgniter->handleRequest()
 9 SYSTEMPATH/Boot.php(417): CodeIgniter\CodeIgniter->run()
10 SYSTEMPATH/Boot.php(68): CodeIgniter\Boot::runCodeIgniter()
11 FCPATH/index.php(59): CodeIgniter\Boot::bootWeb()
